# JRE version: Java(TM) SE Runtime Environment (8.0_45-b14) (build 1.8.0_45-b14)
# Java VM: Java HotSpot(TM) 64-Bit Server VM (25.45-b02 mixed mode linux-amd64 compressed oops)
Heap:
 PSYoungGen      total 115712K, used 12592K [0x00000000ed700000, 0x00000000f8c80000, 0x0000000100000000)
  eden space 74752K, 0% used [0x00000000ed700000,0x00000000ed700000,0x00000000f2000000)
  from space 40960K, 30% used [0x00000000f2000000,0x00000000f2c4c148,0x00000000f4800000)
  to   space 44544K, 0% used [0x00000000f6100000,0x00000000f6100000,0x00000000f8c80000)
 ParOldGen       total 386048K, used 385617K [0x00000000c8400000, 0x00000000dfd00000, 0x00000000ed700000)
  object space 386048K, 99% used [0x00000000c8400000,0x00000000dfc947e0,0x00000000dfd00000)
 Metaspace       used 16753K, capacity 17262K, committed 17408K, reserved 1064960K
  class space    used 2088K, capacity 2240K, committed 2304K, reserved 1048576K
GC Heap History (10 events):
Event: 4,259 GC heap after
Heap after GC invocations=15 (full 4):
 PSYoungGen      total 80896K, used 0K [0x00000000ed700000, 0x00000000f3a00000, 0x0000000100000000)
  eden space 79872K, 0% used [0x00000000ed700000,0x00000000ed700000,0x00000000f2500000)
  from space 1024K, 0% used [0x00000000f2780000,0x00000000f2780000,0x00000000f2880000)
  to   space 10752K, 0% used [0x00000000f2f80000,0x00000000f2f80000,0x00000000f3a00000)
 ParOldGen       total 386048K, used 285275K [0x00000000c8400000, 0x00000000dfd00000, 0x00000000ed700000)
  object space 386048K, 73% used [0x00000000c8400000,0x00000000d9a96c88,0x00000000dfd00000)
 Metaspace       used 14641K, capacity 15144K, committed 15232K, reserved 1062912K
  class space    used 1930K, capacity 2111K, committed 2176K, reserved 1048576K
}
Event: 5,584 GC heap before
{Heap before GC invocations=16 (full 4):
 PSYoungGen      total 80896K, used 79872K [0x00000000ed700000, 0x00000000f3a00000, 0x0000000100000000)
  eden space 79872K, 100% used [0x00000000ed700000,0x00000000f2500000,0x00000000f2500000)
  from space 1024K, 0% used [0x00000000f2780000,0x00000000f2780000,0x00000000f2880000)
  to   space 10752K, 0% used [0x00000000f2f80000,0x00000000f2f80000,0x00000000f3a00000)
 ParOldGen       total 386048K, used 285275K [0x00000000c8400000, 0x00000000dfd00000, 0x00000000ed700000)
  object space 386048K, 73% used [0x00000000c8400000,0x00000000d9a96c88,0x00000000dfd00000)
 Metaspace       used 16745K, capacity 17262K, committed 17408K, reserved 1064960K
  class space    used 2088K, capacity 2240K, committed 2304K, reserved 1048576K
Event: 5,611 GC heap after
Heap after GC invocations=16 (full 4):
 PSYoungGen      total 82944K, used 10733K [0x00000000ed700000, 0x00000000f5600000, 0x0000000100000000)
  eden space 72192K, 0% used [0x00000000ed700000,0x00000000ed700000,0x00000000f1d80000)
  from space 10752K, 99% used [0x00000000f2f80000,0x00000000f39fb670,0x00000000f3a00000)
  to   space 18432K, 0% used [0x00000000f1d80000,0x00000000f1d80000,0x00000000f2f80000)
 ParOldGen       total 386048K, used 300952K [0x00000000c8400000, 0x00000000dfd00000, 0x00000000ed700000)
  object space 386048K, 77% used [0x00000000c8400000,0x00000000da9e60c0,0x00000000dfd00000)
 Metaspace       used 16745K, capacity 17262K, committed 17408K, reserved 1064960K
  class space    used 2088K, capacity 2240K, committed 2304K, reserved 1048576K
}
Event: 6,196 GC heap before
{Heap before GC invocations=17 (full 4):
 PSYoungGen      total 82944K, used 82925K [0x00000000ed700000, 0x00000000f5600000, 0x0000000100000000)
  eden space 72192K, 100% used [0x00000000ed700000,0x00000000f1d80000,0x00000000f1d80000)
  from space 10752K, 99% used [0x00000000f2f80000,0x00000000f39fb670,0x00000000f3a00000)
  to   space 18432K, 0% used [0x00000000f1d80000,0x00000000f1d80000,0x00000000f2f80000)
 ParOldGen       total 386048K, used 300952K [0x00000000c8400000, 0x00000000dfd00000, 0x00000000ed700000)
  object space 386048K, 77% used [0x00000000c8400000,0x00000000da9e60c0,0x00000000dfd00000)
 Metaspace       used 16747K, capacity 17262K, committed 17408K, reserved 1064960K
  class space    used 2088K, capacity 2240K, committed 2304K, reserved 1048576K
Event: 6,260 GC heap after
Heap after GC invocations=17 (full 4):
 PSYoungGen      total 90624K, used 18413K [0x00000000ed700000, 0x00000000f6480000, 0x0000000100000000)
  eden space 72192K, 0% used [0x00000000ed700000,0x00000000ed700000,0x00000000f1d80000)
  from space 18432K, 99% used [0x00000000f1d80000,0x00000000f2f7b670,0x00000000f2f80000)
  to   space 29184K, 0% used [0x00000000f4800000,0x00000000f4800000,0x00000000f6480000)
 ParOldGen       total 386048K, used 321408K [0x00000000c8400000, 0x00000000dfd00000, 0x00000000ed700000)
  object space 386048K, 83% used [0x00000000c8400000,0x00000000dbde00c0,0x00000000dfd00000)
 Metaspace       used 16747K, capacity 17262K, committed 17408K, reserved 1064960K
  class space    used 2088K, capacity 2240K, committed 2304K, reserved 1048576K
}
Event: 6,530 GC heap before
{Heap before GC invocations=18 (full 4):
 PSYoungGen      total 90624K, used 90605K [0x00000000ed700000, 0x00000000f6480000, 0x0000000100000000)
  eden space 72192K, 100% used [0x00000000ed700000,0x00000000f1d80000,0x00000000f1d80000)
  from space 18432K, 99% used [0x00000000f1d80000,0x00000000f2f7b670,0x00000000f2f80000)
  to   space 29184K, 0% used [0x00000000f4800000,0x00000000f4800000,0x00000000f6480000)
 ParOldGen       total 386048K, used 321408K [0x00000000c8400000, 0x00000000dfd00000, 0x00000000ed700000)
  object space 386048K, 83% used [0x00000000c8400000,0x00000000dbde00c0,0x00000000dfd00000)
 Metaspace       used 16747K, capacity 17262K, committed 17408K, reserved 1064960K
  class space    used 2088K, capacity 2240K, committed 2304K, reserved 1048576K
Event: 6,607 GC heap after
Heap after GC invocations=18 (full 4):
 PSYoungGen      total 103936K, used 29156K [0x00000000ed700000, 0x00000000f8100000, 0x0000000100000000)
  eden space 74752K, 0% used [0x00000000ed700000,0x00000000ed700000,0x00000000f2000000)
  from space 29184K, 99% used [0x00000000f4800000,0x00000000f6479278,0x00000000f6480000)
  to   space 40960K, 0% used [0x00000000f2000000,0x00000000f2000000,0x00000000f4800000)
 ParOldGen       total 386048K, used 340192K [0x00000000c8400000, 0x00000000dfd00000, 0x00000000ed700000)
  object space 386048K, 88% used [0x00000000c8400000,0x00000000dd038130,0x00000000dfd00000)
 Metaspace       used 16747K, capacity 17262K, committed 17408K, reserved 1064960K
  class space    used 2088K, capacity 2240K, committed 2304K, reserved 1048576K
}
Event: 6,907 GC heap before
{Heap before GC invocations=19 (full 4):
 PSYoungGen      total 103936K, used 103908K [0x00000000ed700000, 0x00000000f8100000, 0x0000000100000000)
  eden space 74752K, 100% used [0x00000000ed700000,0x00000000f2000000,0x00000000f2000000)
  from space 29184K, 99% used [0x00000000f4800000,0x00000000f6479278,0x00000000f6480000)
  to   space 40960K, 0% used [0x00000000f2000000,0x00000000f2000000,0x00000000f4800000)
 ParOldGen       total 386048K, used 340192K [0x00000000c8400000, 0x00000000dfd00000, 0x00000000ed700000)
  object space 386048K, 88% used [0x00000000c8400000,0x00000000dd038130,0x00000000dfd00000)
 Metaspace       used 16753K, capacity 17262K, committed 17408K, reserved 1064960K
  class space    used 2088K, capacity 2240K, committed 2304K, reserved 1048576K
Event: 6,957 GC heap after
Heap after GC invocations=19 (full 4):
 PSYoungGen      total 115712K, used 30560K [0x00000000ed700000, 0x00000000f8c80000, 0x0000000100000000)
  eden space 74752K, 0% used [0x00000000ed700000,0x00000000ed700000,0x00000000f2000000)
  from space 40960K, 74% used [0x00000000f2000000,0x00000000f3dd8000,0x00000000f4800000)
  to   space 44544K, 0% used [0x00000000f6100000,0x00000000f6100000,0x00000000f8c80000)
 ParOldGen       total 386048K, used 369436K [0x00000000c8400000, 0x00000000dfd00000, 0x00000000ed700000)
  object space 386048K, 95% used [0x00000000c8400000,0x00000000decc73a8,0x00000000dfd00000)
 Metaspace       used 16753K, capacity 17262K, committed 17408K, reserved 1064960K
  class space    used 2088K, capacity 2240K, committed 2304K, reserved 1048576K
}
Event: 6,957 GC heap before
{Heap before GC invocations=20 (full 5):
 PSYoungGen      total 115712K, used 30560K [0x00000000ed700000, 0x00000000f8c80000, 0x0000000100000000)
  eden space 74752K, 0% used [0x00000000ed700000,0x00000000ed700000,0x00000000f2000000)
  from space 40960K, 74% used [0x00000000f2000000,0x00000000f3dd8000,0x00000000f4800000)
  to   space 44544K, 0% used [0x00000000f6100000,0x00000000f6100000,0x00000000f8c80000)
 ParOldGen       total 386048K, used 369436K [0x00000000c8400000, 0x00000000dfd00000, 0x00000000ed700000)
  object space 386048K, 95% used [0x00000000c8400000,0x00000000decc73a8,0x00000000dfd00000)
 Metaspace       used 16753K, capacity 17262K, committed 17408K, reserved 1064960K
  class space    used 2088K, capacity 2240K, committed 2304K, reserved 1048576K

