# JRE version: Java(TM) SE Runtime Environment (8.0_45-b14) (build 1.8.0_45-b14)
# Java VM: Java HotSpot(TM) 64-Bit Server VM (25.45-b02 mixed mode linux-amd64 compressed oops)
Heap:
 PSYoungGen      total 48128K, used 21912K [0x00000000ed700000, 0x00000000f1100000, 0x0000000100000000)
  eden space 38400K, 53% used [0x00000000ed700000,0x00000000eeaf6a38,0x00000000efc80000)
  from space 9728K, 15% used [0x00000000efc80000,0x00000000efdef610,0x00000000f0600000)
  to   space 9728K, 0% used [0x00000000f0780000,0x00000000f0780000,0x00000000f1100000)
 ParOldGen       total 328704K, used 325814K [0x00000000c8400000, 0x00000000dc500000, 0x00000000ed700000)
  object space 328704K, 99% used [0x00000000c8400000,0x00000000dc22d888,0x00000000dc500000)
 Metaspace       used 14604K, capacity 15144K, committed 15232K, reserved 1062912K
  class space    used 1929K, capacity 2111K, committed 2176K, reserved 1048576K
GC Heap History (10 events):
Event: 4,344 GC heap before
{Heap before GC invocations=9 (full 2):
 PSYoungGen      total 41472K, used 40936K [0x00000000ed700000, 0x00000000f0c80000, 0x0000000100000000)
  eden space 35328K, 99% used [0x00000000ed700000,0x00000000ef95b9e8,0x00000000ef980000)
  from space 6144K, 93% used [0x00000000f0680000,0x00000000f0c1e810,0x00000000f0c80000)
  to   space 9216K, 0% used [0x00000000efa80000,0x00000000efa80000,0x00000000f0380000)
 ParOldGen       total 271872K, used 244089K [0x00000000c8400000, 0x00000000d8d80000, 0x00000000ed700000)
  object space 271872K, 89% used [0x00000000c8400000,0x00000000d725e400,0x00000000d8d80000)
 Metaspace       used 14601K, capacity 15144K, committed 15232K, reserved 1062912K
  class space    used 1929K, capacity 2111K, committed 2176K, reserved 1048576K
Event: 4,346 GC heap after
Heap after GC invocations=9 (full 2):
 PSYoungGen      total 45568K, used 419K [0x00000000ed700000, 0x00000000f1300000, 0x0000000100000000)
  eden space 36352K, 0% used [0x00000000ed700000,0x00000000ed700000,0x00000000efa80000)
  from space 9216K, 4% used [0x00000000efa80000,0x00000000efae8e90,0x00000000f0380000)
  to   space 9728K, 0% used [0x00000000f0980000,0x00000000f0980000,0x00000000f1300000)
 ParOldGen       total 271872K, used 244089K [0x00000000c8400000, 0x00000000d8d80000, 0x00000000ed700000)
  object space 271872K, 89% used [0x00000000c8400000,0x00000000d725e400,0x00000000d8d80000)
 Metaspace       used 14601K, capacity 15144K, committed 15232K, reserved 1062912K
  class space    used 1929K, capacity 2111K, committed 2176K, reserved 1048576K
}
Event: 8,472 GC heap before
{Heap before GC invocations=10 (full 3):
 PSYoungGen      total 45568K, used 34071K [0x00000000ed700000, 0x00000000f1300000, 0x0000000100000000)
  eden space 36352K, 92% used [0x00000000ed700000,0x00000000ef7dcdf0,0x00000000efa80000)
  from space 9216K, 4% used [0x00000000efa80000,0x00000000efae8e90,0x00000000f0380000)
  to   space 9728K, 0% used [0x00000000f0980000,0x00000000f0980000,0x00000000f1300000)
 ParOldGen       total 349696K, used 344401K [0x00000000c8400000, 0x00000000dd980000, 0x00000000ed700000)
  object space 349696K, 98% used [0x00000000c8400000,0x00000000dd4544b0,0x00000000dd980000)
 Metaspace       used 14601K, capacity 15144K, committed 15232K, reserved 1062912K
  class space    used 1929K, capacity 2111K, committed 2176K, reserved 1048576K
Event: 18,144 GC heap after
Heap after GC invocations=10 (full 3):
 PSYoungGen      total 45568K, used 0K [0x00000000ed700000, 0x00000000f1300000, 0x0000000100000000)
  eden space 36352K, 0% used [0x00000000ed700000,0x00000000ed700000,0x00000000efa80000)
  from space 9216K, 0% used [0x00000000efa80000,0x00000000efa80000,0x00000000f0380000)
  to   space 9728K, 0% used [0x00000000f0980000,0x00000000f0980000,0x00000000f1300000)
 ParOldGen       total 231936K, used 162251K [0x00000000c8400000, 0x00000000d6680000, 0x00000000ed700000)
  object space 231936K, 69% used [0x00000000c8400000,0x00000000d2272dc8,0x00000000d6680000)
 Metaspace       used 14601K, capacity 15144K, committed 15232K, reserved 1062912K
  class space    used 1929K, capacity 2111K, committed 2176K, reserved 1048576K
}
Event: 20,538 GC heap before
{Heap before GC invocations=11 (full 3):
 PSYoungGen      total 45568K, used 35156K [0x00000000ed700000, 0x00000000f1300000, 0x0000000100000000)
  eden space 36352K, 96% used [0x00000000ed700000,0x00000000ef9553b0,0x00000000efa80000)
  from space 9216K, 0% used [0x00000000efa80000,0x00000000efa80000,0x00000000f0380000)
  to   space 9728K, 0% used [0x00000000f0980000,0x00000000f0980000,0x00000000f1300000)
 ParOldGen       total 264192K, used 239243K [0x00000000c8400000, 0x00000000d8600000, 0x00000000ed700000)
  object space 264192K, 90% used [0x00000000c8400000,0x00000000d6da2e60,0x00000000d8600000)
 Metaspace       used 14601K, capacity 15144K, committed 15232K, reserved 1062912K
  class space    used 1929K, capacity 2111K, committed 2176K, reserved 1048576K
Event: 20,628 GC heap after
Heap after GC invocations=11 (full 3):
 PSYoungGen      total 44544K, used 766K [0x00000000ed700000, 0x00000000f0f80000, 0x0000000100000000)
  eden space 38400K, 0% used [0x00000000ed700000,0x00000000ed700000,0x00000000efc80000)
  from space 6144K, 12% used [0x00000000f0980000,0x00000000f0a3fb10,0x00000000f0f80000)
  to   space 9728K, 0% used [0x00000000efc80000,0x00000000efc80000,0x00000000f0600000)
 ParOldGen       total 264192K, used 239243K [0x00000000c8400000, 0x00000000d8600000, 0x00000000ed700000)
  object space 264192K, 90% used [0x00000000c8400000,0x00000000d6da2e60,0x00000000d8600000)
 Metaspace       used 14601K, capacity 15144K, committed 15232K, reserved 1062912K
  class space    used 1929K, capacity 2111K, committed 2176K, reserved 1048576K
}
Event: 27,989 GC heap before
{Heap before GC invocations=12 (full 4):
 PSYoungGen      total 44544K, used 33152K [0x00000000ed700000, 0x00000000f0f80000, 0x0000000100000000)
  eden space 38400K, 84% used [0x00000000ed700000,0x00000000ef6a07e8,0x00000000efc80000)
  from space 6144K, 12% used [0x00000000f0980000,0x00000000f0a3fb10,0x00000000f0f80000)
  to   space 9728K, 0% used [0x00000000efc80000,0x00000000efc80000,0x00000000f0600000)
 ParOldGen       total 341504K, used 338739K [0x00000000c8400000, 0x00000000dd180000, 0x00000000ed700000)
  object space 341504K, 99% used [0x00000000c8400000,0x00000000dceccf10,0x00000000dd180000)
 Metaspace       used 14601K, capacity 15144K, committed 15232K, reserved 1062912K
  class space    used 1929K, capacity 2111K, committed 2176K, reserved 1048576K
Event: 31,386 GC heap after
Heap after GC invocations=12 (full 4):
 PSYoungGen      total 44544K, used 0K [0x00000000ed700000, 0x00000000f0f80000, 0x0000000100000000)
  eden space 38400K, 0% used [0x00000000ed700000,0x00000000ed700000,0x00000000efc80000)
  from space 6144K, 0% used [0x00000000f0980000,0x00000000f0980000,0x00000000f0f80000)
  to   space 9728K, 0% used [0x00000000efc80000,0x00000000efc80000,0x00000000f0600000)
 ParOldGen       total 328704K, used 226317K [0x00000000c8400000, 0x00000000dc500000, 0x00000000ed700000)
  object space 328704K, 68% used [0x00000000c8400000,0x00000000d61037d8,0x00000000dc500000)
 Metaspace       used 14601K, capacity 15144K, committed 15232K, reserved 1062912K
  class space    used 1929K, capacity 2111K, committed 2176K, reserved 1048576K
}
Event: 33,176 GC heap before
{Heap before GC invocations=13 (full 4):
 PSYoungGen      total 44544K, used 36604K [0x00000000ed700000, 0x00000000f0f80000, 0x0000000100000000)
  eden space 38400K, 95% used [0x00000000ed700000,0x00000000efabf1e8,0x00000000efc80000)
  from space 6144K, 0% used [0x00000000f0980000,0x00000000f0980000,0x00000000f0f80000)
  to   space 9728K, 0% used [0x00000000efc80000,0x00000000efc80000,0x00000000f0600000)
 ParOldGen       total 328704K, used 303326K [0x00000000c8400000, 0x00000000dc500000, 0x00000000ed700000)
  object space 328704K, 92% used [0x00000000c8400000,0x00000000dac37878,0x00000000dc500000)
 Metaspace       used 14601K, capacity 15144K, committed 15232K, reserved 1062912K
  class space    used 1929K, capacity 2111K, committed 2176K, reserved 1048576K
Event: 33,208 GC heap after
Heap after GC invocations=13 (full 4):
 PSYoungGen      total 48128K, used 1469K [0x00000000ed700000, 0x00000000f1100000, 0x0000000100000000)
  eden space 38400K, 0% used [0x00000000ed700000,0x00000000ed700000,0x00000000efc80000)
  from space 9728K, 15% used [0x00000000efc80000,0x00000000efdef610,0x00000000f0600000)
  to   space 9728K, 0% used [0x00000000f0780000,0x00000000f0780000,0x00000000f1100000)
 ParOldGen       total 328704K, used 303326K [0x00000000c8400000, 0x00000000dc500000, 0x00000000ed700000)
  object space 328704K, 92% used [0x00000000c8400000,0x00000000dac37878,0x00000000dc500000)
 Metaspace       used 14601K, capacity 15144K, committed 15232K, reserved 1062912K
  class space    used 1929K, capacity 2111K, committed 2176K, reserved 1048576K
}

