# JRE version: Java(TM) SE Runtime Environment (8.0_45-b14) (build 1.8.0_45-b14)
# Java VM: Java HotSpot(TM) 64-Bit Server VM (25.45-b02 mixed mode linux-amd64 compressed oops)
Heap:
 PSYoungGen      total 167424K, used 30205K [0x00000000ed700000, 0x00000000fb680000, 0x0000000100000000)
  eden space 137216K, 0% used [0x00000000ed700000,0x00000000ed700000,0x00000000f5d00000)
  from space 30208K, 99% used [0x00000000f9900000,0x00000000fb67f420,0x00000000fb680000)
  to   space 11776K, 0% used [0x00000000f5d00000,0x00000000f5d00000,0x00000000f6880000)
 ParOldGen       total 457216K, used 379091K [0x00000000c8400000, 0x00000000e4280000, 0x00000000ed700000)
  object space 457216K, 82% used [0x00000000c8400000,0x00000000df634ce8,0x00000000e4280000)
 Metaspace       used 16772K, capacity 17238K, committed 17408K, reserved 1064960K
  class space    used 2091K, capacity 2250K, committed 2304K, reserved 1048576K
GC Heap History (10 events):
Event: 3,958 GC heap after
Heap after GC invocations=17 (full 5):
 PSYoungGen      total 119296K, used 0K [0x00000000ed700000, 0x00000000f5900000, 0x0000000100000000)
  eden space 111616K, 0% used [0x00000000ed700000,0x00000000ed700000,0x00000000f4400000)
  from space 7680K, 0% used [0x00000000f5180000,0x00000000f5180000,0x00000000f5900000)
  to   space 10752K, 0% used [0x00000000f4400000,0x00000000f4400000,0x00000000f4e80000)
 ParOldGen       total 400896K, used 265687K [0x00000000c8400000, 0x00000000e0b80000, 0x00000000ed700000)
  object space 400896K, 66% used [0x00000000c8400000,0x00000000d8775d68,0x00000000e0b80000)
 Metaspace       used 14651K, capacity 15184K, committed 15488K, reserved 1062912K
  class space    used 1934K, capacity 2121K, committed 2176K, reserved 1048576K
}
Event: 4,057 GC heap before
{Heap before GC invocations=18 (full 5):
 PSYoungGen      total 119296K, used 77950K [0x00000000ed700000, 0x00000000f5900000, 0x0000000100000000)
  eden space 111616K, 69% used [0x00000000ed700000,0x00000000f231fb08,0x00000000f4400000)
  from space 7680K, 0% used [0x00000000f5180000,0x00000000f5180000,0x00000000f5900000)
  to   space 10752K, 0% used [0x00000000f4400000,0x00000000f4400000,0x00000000f4e80000)
 ParOldGen       total 400896K, used 265687K [0x00000000c8400000, 0x00000000e0b80000, 0x00000000ed700000)
  object space 400896K, 66% used [0x00000000c8400000,0x00000000d8775d68,0x00000000e0b80000)
 Metaspace       used 14685K, capacity 15184K, committed 15488K, reserved 1062912K
  class space    used 1934K, capacity 2121K, committed 2176K, reserved 1048576K
Event: 4,073 GC heap after
Heap after GC invocations=18 (full 5):
 PSYoungGen      total 122368K, used 64K [0x00000000ed700000, 0x00000000f7280000, 0x0000000100000000)
  eden space 111616K, 0% used [0x00000000ed700000,0x00000000ed700000,0x00000000f4400000)
  from space 10752K, 0% used [0x00000000f4400000,0x00000000f4410000,0x00000000f4e80000)
  to   space 10240K, 0% used [0x00000000f6880000,0x00000000f6880000,0x00000000f7280000)
 ParOldGen       total 400896K, used 320215K [0x00000000c8400000, 0x00000000e0b80000, 0x00000000ed700000)
  object space 400896K, 79% used [0x00000000c8400000,0x00000000dbcb5e08,0x00000000e0b80000)
 Metaspace       used 14685K, capacity 15184K, committed 15488K, reserved 1062912K
  class space    used 1934K, capacity 2121K, committed 2176K, reserved 1048576K
}
Event: 4,428 GC heap before
{Heap before GC invocations=19 (full 5):
 PSYoungGen      total 122368K, used 111680K [0x00000000ed700000, 0x00000000f7280000, 0x0000000100000000)
  eden space 111616K, 100% used [0x00000000ed700000,0x00000000f4400000,0x00000000f4400000)
  from space 10752K, 0% used [0x00000000f4400000,0x00000000f4410000,0x00000000f4e80000)
  to   space 10240K, 0% used [0x00000000f6880000,0x00000000f6880000,0x00000000f7280000)
 ParOldGen       total 400896K, used 320215K [0x00000000c8400000, 0x00000000e0b80000, 0x00000000ed700000)
  object space 400896K, 79% used [0x00000000c8400000,0x00000000dbcb5e08,0x00000000e0b80000)
 Metaspace       used 15033K, capacity 15568K, committed 15744K, reserved 1062912K
  class space    used 1949K, capacity 2121K, committed 2176K, reserved 1048576K
Event: 4,454 GC heap after
Heap after GC invocations=19 (full 5):
 PSYoungGen      total 147456K, used 8721K [0x00000000ed700000, 0x00000000f7480000, 0x0000000100000000)
  eden space 137216K, 0% used [0x00000000ed700000,0x00000000ed700000,0x00000000f5d00000)
  from space 10240K, 85% used [0x00000000f6880000,0x00000000f71045f0,0x00000000f7280000)
  to   space 11776K, 0% used [0x00000000f5d00000,0x00000000f5d00000,0x00000000f6880000)
 ParOldGen       total 400896K, used 352255K [0x00000000c8400000, 0x00000000e0b80000, 0x00000000ed700000)
  object space 400896K, 87% used [0x00000000c8400000,0x00000000ddbffe90,0x00000000e0b80000)
 Metaspace       used 15033K, capacity 15568K, committed 15744K, reserved 1062912K
  class space    used 1949K, capacity 2121K, committed 2176K, reserved 1048576K
}
Event: 4,454 GC heap before
{Heap before GC invocations=20 (full 6):
 PSYoungGen      total 147456K, used 8721K [0x00000000ed700000, 0x00000000f7480000, 0x0000000100000000)
  eden space 137216K, 0% used [0x00000000ed700000,0x00000000ed700000,0x00000000f5d00000)
  from space 10240K, 85% used [0x00000000f6880000,0x00000000f71045f0,0x00000000f7280000)
  to   space 11776K, 0% used [0x00000000f5d00000,0x00000000f5d00000,0x00000000f6880000)
 ParOldGen       total 400896K, used 352255K [0x00000000c8400000, 0x00000000e0b80000, 0x00000000ed700000)
  object space 400896K, 87% used [0x00000000c8400000,0x00000000ddbffe90,0x00000000e0b80000)
 Metaspace       used 15033K, capacity 15568K, committed 15744K, reserved 1062912K
  class space    used 1949K, capacity 2121K, committed 2176K, reserved 1048576K
Event: 4,495 GC heap after
Heap after GC invocations=20 (full 6):
 PSYoungGen      total 147456K, used 0K [0x00000000ed700000, 0x00000000f7480000, 0x0000000100000000)
  eden space 137216K, 0% used [0x00000000ed700000,0x00000000ed700000,0x00000000f5d00000)
  from space 10240K, 0% used [0x00000000f6880000,0x00000000f6880000,0x00000000f7280000)
  to   space 11776K, 0% used [0x00000000f5d00000,0x00000000f5d00000,0x00000000f6880000)
 ParOldGen       total 457216K, used 293339K [0x00000000c8400000, 0x00000000e4280000, 0x00000000ed700000)
  object space 457216K, 64% used [0x00000000c8400000,0x00000000da276c10,0x00000000e4280000)
 Metaspace       used 15033K, capacity 15568K, committed 15744K, reserved 1062912K
  class space    used 1949K, capacity 2121K, committed 2176K, reserved 1048576K
}
Event: 6,752 GC heap before
{Heap before GC invocations=21 (full 6):
 PSYoungGen      total 147456K, used 137216K [0x00000000ed700000, 0x00000000f7480000, 0x0000000100000000)
  eden space 137216K, 100% used [0x00000000ed700000,0x00000000f5d00000,0x00000000f5d00000)
  from space 10240K, 0% used [0x00000000f6880000,0x00000000f6880000,0x00000000f7280000)
  to   space 11776K, 0% used [0x00000000f5d00000,0x00000000f5d00000,0x00000000f6880000)
 ParOldGen       total 457216K, used 293339K [0x00000000c8400000, 0x00000000e4280000, 0x00000000ed700000)
  object space 457216K, 64% used [0x00000000c8400000,0x00000000da276c10,0x00000000e4280000)
 Metaspace       used 16771K, capacity 17238K, committed 17408K, reserved 1064960K
  class space    used 2091K, capacity 2250K, committed 2304K, reserved 1048576K
Event: 6,842 GC heap after
Heap after GC invocations=21 (full 6):
 PSYoungGen      total 148992K, used 11760K [0x00000000ed700000, 0x00000000fb680000, 0x0000000100000000)
  eden space 137216K, 0% used [0x00000000ed700000,0x00000000ed700000,0x00000000f5d00000)
  from space 11776K, 99% used [0x00000000f5d00000,0x00000000f687c120,0x00000000f6880000)
  to   space 30208K, 0% used [0x00000000f9900000,0x00000000f9900000,0x00000000fb680000)
 ParOldGen       total 457216K, used 336347K [0x00000000c8400000, 0x00000000e4280000, 0x00000000ed700000)
  object space 457216K, 73% used [0x00000000c8400000,0x00000000dcc76ce8,0x00000000e4280000)
 Metaspace       used 16771K, capacity 17238K, committed 17408K, reserved 1064960K
  class space    used 2091K, capacity 2250K, committed 2304K, reserved 1048576K
}
Event: 7,394 GC heap before
{Heap before GC invocations=22 (full 6):
 PSYoungGen      total 148992K, used 148976K [0x00000000ed700000, 0x00000000fb680000, 0x0000000100000000)
  eden space 137216K, 100% used [0x00000000ed700000,0x00000000f5d00000,0x00000000f5d00000)
  from space 11776K, 99% used [0x00000000f5d00000,0x00000000f687c120,0x00000000f6880000)
  to   space 30208K, 0% used [0x00000000f9900000,0x00000000f9900000,0x00000000fb680000)
 ParOldGen       total 457216K, used 336347K [0x00000000c8400000, 0x00000000e4280000, 0x00000000ed700000)
  object space 457216K, 73% used [0x00000000c8400000,0x00000000dcc76ce8,0x00000000e4280000)
 Metaspace       used 16772K, capacity 17238K, committed 17408K, reserved 1064960K
  class space    used 2091K, capacity 2250K, committed 2304K, reserved 1048576K

